{
  level: 'error',
  message: 'PUT | http://localhost:5173 | Mozilla/5.0 (Windows NT 10.0; Win64; x64) AppleWebKit/537.36 (KHTML, like Gecko) Chrome/138.0.0.0 Safari/537.36 | Error: Failed to update ticket progress position',
  metadata: {},
  timestamp: '2025-07-24T00:49:41.096Z'
}
{
  level: 'error',
  message: 'PUT | http://localhost:5173 | Mozilla/5.0 (Windows NT 10.0; Win64; x64) AppleWebKit/537.36 (KHTML, like Gecko) Chrome/138.0.0.0 Safari/537.36 | Error: Failed to update ticket progress position',
  metadata: {},
  timestamp: '2025-07-24T00:52:01.650Z'
}
{
  level: 'error',
  message: 'PUT | http://localhost:5173 | Mozilla/5.0 (Windows NT 10.0; Win64; x64) AppleWebKit/537.36 (KHTML, like Gecko) Chrome/138.0.0.0 Safari/537.36 | Error: Failed to update ticket progress position',
  metadata: {},
  timestamp: '2025-07-24T09:29:41.742Z'
}
{
  level: 'error',
  message: 'PUT | http://localhost:5173 | Mozilla/5.0 (Windows NT 10.0; Win64; x64) AppleWebKit/537.36 (KHTML, like Gecko) Chrome/138.0.0.0 Safari/537.36 | Error: Failed to update ticket progress position',
  metadata: {},
  timestamp: '2025-07-24T09:30:10.115Z'
}
